<?xml version="1.0" encoding="UTF-8"?>
<testng-results skipped="0" failed="0" ignored="0" total="4" passed="4">
  <reporter-output>
  </reporter-output>
  <suite name="Suite" duration-ms="54512" started-at="2019-03-25T13:28:39Z" finished-at="2019-03-25T13:29:34Z">
    <groups>
    </groups>
    <test name="Validating title in page" duration-ms="10935" started-at="2019-03-25T13:28:39Z" finished-at="2019-03-25T13:28:50Z">
      <class name="selenium.ValidateTitle">
        <test-method status="PASS" signature="initialize()[pri:0, instance:selenium.ValidateTitle@6631f5ca]" name="initialize" is-config="true" duration-ms="10625" started-at="2019-03-25T13:28:39Z" finished-at="2019-03-25T13:28:50Z">
          <reporter-output>
          </reporter-output>
        </test-method> <!-- initialize -->
        <test-method status="PASS" signature="validateAppTitle()[pri:0, instance:selenium.ValidateTitle@6631f5ca]" name="validateAppTitle" duration-ms="56" started-at="2019-03-25T13:28:50Z" finished-at="2019-03-25T13:28:50Z">
          <reporter-output>
          </reporter-output>
        </test-method> <!-- validateAppTitle -->
        <test-method status="PASS" signature="teardown()[pri:0, instance:selenium.ValidateTitle@6631f5ca]" name="teardown" is-config="true" duration-ms="201" started-at="2019-03-25T13:28:50Z" finished-at="2019-03-25T13:28:50Z">
          <reporter-output>
          </reporter-output>
        </test-method> <!-- teardown -->
      </class> <!-- selenium.ValidateTitle -->
    </test> <!-- Validating title in page -->
    <test name="App Test" duration-ms="3" started-at="2019-03-25T13:28:51Z" finished-at="2019-03-25T13:28:51Z">
    </test> <!-- App Test -->
    <test name="Validating Navbar" duration-ms="7934" started-at="2019-03-25T13:28:51Z" finished-at="2019-03-25T13:28:59Z">
      <class name="selenium.ValidateNavBar">
        <test-method status="PASS" signature="initialize()[pri:0, instance:selenium.ValidateNavBar@75c56eb9]" name="initialize" is-config="true" duration-ms="7692" started-at="2019-03-25T13:28:51Z" finished-at="2019-03-25T13:28:58Z">
          <reporter-output>
          </reporter-output>
        </test-method> <!-- initialize -->
        <test-method status="PASS" signature="validateNavigationBar()[pri:0, instance:selenium.ValidateNavBar@75c56eb9]" name="validateNavigationBar" duration-ms="44" started-at="2019-03-25T13:28:58Z" finished-at="2019-03-25T13:28:59Z">
          <reporter-output>
          </reporter-output>
        </test-method> <!-- validateNavigationBar -->
        <test-method status="PASS" signature="teardown()[pri:0, instance:selenium.ValidateNavBar@75c56eb9]" name="teardown" is-config="true" duration-ms="195" started-at="2019-03-25T13:28:59Z" finished-at="2019-03-25T13:28:59Z">
          <reporter-output>
          </reporter-output>
        </test-method> <!-- teardown -->
      </class> <!-- selenium.ValidateNavBar -->
    </test> <!-- Validating Navbar -->
    <test name="Validating User Login" duration-ms="34864" started-at="2019-03-25T13:28:59Z" finished-at="2019-03-25T13:29:34Z">
      <class name="selenium.HomePage">
        <test-method status="PASS" signature="initialize()[pri:0, instance:selenium.HomePage@27912e3]" name="initialize" is-config="true" duration-ms="3733" started-at="2019-03-25T13:28:59Z" finished-at="2019-03-25T13:29:03Z">
          <reporter-output>
          </reporter-output>
        </test-method> <!-- initialize -->
        <test-method status="PASS" signature="basePageNavigation(java.lang.String, java.lang.String, java.lang.String)[pri:0, instance:selenium.HomePage@27912e3]" name="basePageNavigation" duration-ms="14184" started-at="2019-03-25T13:29:03Z" data-provider="getData" finished-at="2019-03-25T13:29:17Z">
          <params>
            <param index="0">
              <value>
                <![CDATA[restrictedUser@qw.com]]>
              </value>
            </param>
            <param index="1">
              <value>
                <![CDATA[456789]]>
              </value>
            </param>
            <param index="2">
              <value>
                <![CDATA[Non Restricted User]]>
              </value>
            </param>
          </params>
          <reporter-output>
          </reporter-output>
        </test-method> <!-- basePageNavigation -->
        <test-method status="PASS" signature="teardown()[pri:0, instance:selenium.HomePage@27912e3]" name="teardown" is-config="true" duration-ms="199" started-at="2019-03-25T13:29:17Z" finished-at="2019-03-25T13:29:17Z">
          <reporter-output>
          </reporter-output>
        </test-method> <!-- teardown -->
        <test-method status="PASS" signature="initialize()[pri:0, instance:selenium.HomePage@27912e3]" name="initialize" is-config="true" duration-ms="3369" started-at="2019-03-25T13:29:17Z" finished-at="2019-03-25T13:29:20Z">
          <reporter-output>
          </reporter-output>
        </test-method> <!-- initialize -->
        <test-method status="PASS" signature="basePageNavigation(java.lang.String, java.lang.String, java.lang.String)[pri:0, instance:selenium.HomePage@27912e3]" name="basePageNavigation" duration-ms="12818" started-at="2019-03-25T13:29:20Z" data-provider="getData" finished-at="2019-03-25T13:29:33Z">
          <params>
            <param index="0">
              <value is-null="true"/>
            </param>
            <param index="1">
              <value is-null="true"/>
            </param>
            <param index="2">
              <value is-null="true"/>
            </param>
          </params>
          <reporter-output>
          </reporter-output>
        </test-method> <!-- basePageNavigation -->
        <test-method status="PASS" signature="teardown()[pri:0, instance:selenium.HomePage@27912e3]" name="teardown" is-config="true" duration-ms="553" started-at="2019-03-25T13:29:33Z" finished-at="2019-03-25T13:29:34Z">
          <reporter-output>
          </reporter-output>
        </test-method> <!-- teardown -->
      </class> <!-- selenium.HomePage -->
    </test> <!-- Validating User Login -->
  </suite> <!-- Suite -->
</testng-results>
