<?xml version="1.0" encoding="UTF-8"?>
<testng-results skipped="0" failed="0" ignored="0" total="4" passed="4">
  <reporter-output>
  </reporter-output>
  <suite name="Suite" duration-ms="77519" started-at="2019-03-26T03:45:24Z" finished-at="2019-03-26T03:46:41Z">
    <groups>
    </groups>
    <test name="Validating title in page" duration-ms="16885" started-at="2019-03-26T03:45:24Z" finished-at="2019-03-26T03:45:41Z">
      <class name="selenium.ValidateTitle">
        <test-method status="PASS" signature="initialize()[pri:0, instance:selenium.ValidateTitle@29d89d5d]" name="initialize" is-config="true" duration-ms="14408" started-at="2019-03-26T03:45:24Z" finished-at="2019-03-26T03:45:38Z">
          <reporter-output>
          </reporter-output>
        </test-method> <!-- initialize -->
        <test-method status="PASS" signature="validateAppTitle()[pri:0, instance:selenium.ValidateTitle@29d89d5d]" name="validateAppTitle" duration-ms="112" started-at="2019-03-26T03:45:38Z" finished-at="2019-03-26T03:45:38Z">
          <reporter-output>
          </reporter-output>
        </test-method> <!-- validateAppTitle -->
        <test-method status="PASS" signature="teardown()[pri:0, instance:selenium.ValidateTitle@29d89d5d]" name="teardown" is-config="true" duration-ms="2279" started-at="2019-03-26T03:45:38Z" finished-at="2019-03-26T03:45:41Z">
          <reporter-output>
          </reporter-output>
        </test-method> <!-- teardown -->
      </class> <!-- selenium.ValidateTitle -->
    </test> <!-- Validating title in page -->
    <test name="App Test" duration-ms="1" started-at="2019-03-26T03:45:41Z" finished-at="2019-03-26T03:45:41Z">
    </test> <!-- App Test -->
    <test name="Validating Navbar" duration-ms="15017" started-at="2019-03-26T03:45:41Z" finished-at="2019-03-26T03:45:56Z">
      <class name="selenium.ValidateNavBar">
        <test-method status="PASS" signature="initialize()[pri:0, instance:selenium.ValidateNavBar@2663e964]" name="initialize" is-config="true" duration-ms="12557" started-at="2019-03-26T03:45:41Z" finished-at="2019-03-26T03:45:54Z">
          <reporter-output>
          </reporter-output>
        </test-method> <!-- initialize -->
        <test-method status="PASS" signature="validateNavigationBar()[pri:0, instance:selenium.ValidateNavBar@2663e964]" name="validateNavigationBar" duration-ms="63" started-at="2019-03-26T03:45:54Z" finished-at="2019-03-26T03:45:54Z">
          <reporter-output>
          </reporter-output>
        </test-method> <!-- validateNavigationBar -->
        <test-method status="PASS" signature="teardown()[pri:0, instance:selenium.ValidateNavBar@2663e964]" name="teardown" is-config="true" duration-ms="2392" started-at="2019-03-26T03:45:54Z" finished-at="2019-03-26T03:45:56Z">
          <reporter-output>
          </reporter-output>
        </test-method> <!-- teardown -->
      </class> <!-- selenium.ValidateNavBar -->
    </test> <!-- Validating Navbar -->
    <test name="Validating User Login" duration-ms="44936" started-at="2019-03-26T03:45:56Z" finished-at="2019-03-26T03:46:41Z">
      <class name="selenium.HomePage">
        <test-method status="PASS" signature="initialize()[pri:0, instance:selenium.HomePage@5e21e98f]" name="initialize" is-config="true" duration-ms="3831" started-at="2019-03-26T03:45:56Z" finished-at="2019-03-26T03:46:00Z">
          <reporter-output>
          </reporter-output>
        </test-method> <!-- initialize -->
        <test-method status="PASS" signature="basePageNavigation(java.lang.String, java.lang.String, java.lang.String)[pri:0, instance:selenium.HomePage@5e21e98f]" name="basePageNavigation" duration-ms="14236" started-at="2019-03-26T03:46:00Z" data-provider="getData" finished-at="2019-03-26T03:46:14Z">
          <params>
            <param index="0">
              <value>
                <![CDATA[restrictedUser@qw.com]]>
              </value>
            </param>
            <param index="1">
              <value>
                <![CDATA[456789]]>
              </value>
            </param>
            <param index="2">
              <value>
                <![CDATA[Non Restricted User]]>
              </value>
            </param>
          </params>
          <reporter-output>
          </reporter-output>
        </test-method> <!-- basePageNavigation -->
        <test-method status="PASS" signature="teardown()[pri:0, instance:selenium.HomePage@5e21e98f]" name="teardown" is-config="true" duration-ms="400" started-at="2019-03-26T03:46:14Z" finished-at="2019-03-26T03:46:15Z">
          <reporter-output>
          </reporter-output>
        </test-method> <!-- teardown -->
        <test-method status="PASS" signature="initialize()[pri:0, instance:selenium.HomePage@5e21e98f]" name="initialize" is-config="true" duration-ms="3572" started-at="2019-03-26T03:46:15Z" finished-at="2019-03-26T03:46:18Z">
          <reporter-output>
          </reporter-output>
        </test-method> <!-- initialize -->
        <test-method status="PASS" signature="basePageNavigation(java.lang.String, java.lang.String, java.lang.String)[pri:0, instance:selenium.HomePage@5e21e98f]" name="basePageNavigation" duration-ms="22619" started-at="2019-03-26T03:46:18Z" data-provider="getData" finished-at="2019-03-26T03:46:41Z">
          <params>
            <param index="0">
              <value is-null="true"/>
            </param>
            <param index="1">
              <value is-null="true"/>
            </param>
            <param index="2">
              <value is-null="true"/>
            </param>
          </params>
          <reporter-output>
          </reporter-output>
        </test-method> <!-- basePageNavigation -->
        <test-method status="PASS" signature="teardown()[pri:0, instance:selenium.HomePage@5e21e98f]" name="teardown" is-config="true" duration-ms="270" started-at="2019-03-26T03:46:41Z" finished-at="2019-03-26T03:46:41Z">
          <reporter-output>
          </reporter-output>
        </test-method> <!-- teardown -->
      </class> <!-- selenium.HomePage -->
    </test> <!-- Validating User Login -->
  </suite> <!-- Suite -->
</testng-results>
