<?xml version="1.0" encoding="UTF-8"?>
<testng-results skipped="0" failed="0" ignored="0" total="2" passed="2">
  <reporter-output>
  </reporter-output>
  <suite name="Default suite" duration-ms="53" started-at="2019-03-12T03:11:52Z" finished-at="2019-03-12T03:11:52Z">
    <groups>
    </groups>
    <test name="Default test" duration-ms="53" started-at="2019-03-12T03:11:52Z" finished-at="2019-03-12T03:11:52Z">
      <class name="test.day1">
        <test-method status="PASS" signature="Demo()[pri:0, instance:test.day1@573f2bb1]" name="Demo" duration-ms="14" started-at="2019-03-12T03:11:52Z" finished-at="2019-03-12T03:11:52Z">
          <reporter-output>
          </reporter-output>
        </test-method> <!-- Demo -->
        <test-method status="PASS" signature="SecondTest()[pri:0, instance:test.day1@573f2bb1]" name="SecondTest" duration-ms="3" started-at="2019-03-12T03:11:52Z" finished-at="2019-03-12T03:11:52Z">
          <reporter-output>
          </reporter-output>
        </test-method> <!-- SecondTest -->
      </class> <!-- test.day1 -->
    </test> <!-- Default test -->
  </suite> <!-- Default suite -->
</testng-results>
