<?xml version="1.0" encoding="UTF-8"?>
<testng-results skipped="0" failed="0" ignored="0" total="1" passed="1">
  <reporter-output>
  </reporter-output>
  <suite name="Default suite" duration-ms="63" started-at="2019-03-12T03:08:17Z" finished-at="2019-03-12T03:08:17Z">
    <groups>
    </groups>
    <test name="Default test" duration-ms="63" started-at="2019-03-12T03:08:17Z" finished-at="2019-03-12T03:08:17Z">
      <class name="test.day1">
        <test-method status="PASS" signature="Demo()[pri:0, instance:test.day1@573f2bb1]" name="Demo" duration-ms="15" started-at="2019-03-12T03:08:17Z" finished-at="2019-03-12T03:08:17Z">
          <reporter-output>
          </reporter-output>
        </test-method> <!-- Demo -->
      </class> <!-- test.day1 -->
    </test> <!-- Default test -->
  </suite> <!-- Default suite -->
</testng-results>
