<?xml version="1.0" encoding="UTF-8"?>
<testng-results skipped="0" failed="0" ignored="1" total="11" passed="10">
  <reporter-output>
  </reporter-output>
  <suite name="Load Department" duration-ms="136" started-at="2019-03-13T14:55:40Z" finished-at="2019-03-13T14:55:40Z">
    <groups>
    </groups>
    <test name="Personal Loan" duration-ms="52" started-at="2019-03-13T14:55:40Z" finished-at="2019-03-13T14:55:40Z">
      <class name="test.day4">
        <test-method status="PASS" signature="LoginAPIHomeLoan()[pri:0, instance:test.day4@51efea79]" name="LoginAPIHomeLoan" duration-ms="2" started-at="2019-03-13T14:55:40Z" finished-at="2019-03-13T14:55:40Z">
          <reporter-output>
          </reporter-output>
        </test-method> <!-- LoginAPIHomeLoan -->
        <test-method status="PASS" signature="MobileLoginHomeLoan()[pri:0, instance:test.day4@51efea79]" name="MobileLoginHomeLoan" duration-ms="1" started-at="2019-03-13T14:55:40Z" finished-at="2019-03-13T14:55:40Z">
          <reporter-output>
          </reporter-output>
        </test-method> <!-- MobileLoginHomeLoan -->
        <test-method status="PASS" signature="WebloginHomeLoan()[pri:0, instance:test.day4@51efea79]" name="WebloginHomeLoan" duration-ms="3" started-at="2019-03-13T14:55:40Z" finished-at="2019-03-13T14:55:40Z">
          <reporter-output>
          </reporter-output>
        </test-method> <!-- WebloginHomeLoan -->
      </class> <!-- test.day4 -->
      <class name="test.day2">
        <test-method status="PASS" signature="prerequisite()[pri:0, instance:test.day2@36d4b5c]" name="prerequisite" is-config="true" duration-ms="1" started-at="2019-03-13T14:55:40Z" finished-at="2019-03-13T14:55:40Z">
          <reporter-output>
          </reporter-output>
        </test-method> <!-- prerequisite -->
        <test-method status="PASS" signature="pload()[pri:0, instance:test.day2@36d4b5c]" name="pload" duration-ms="1" started-at="2019-03-13T14:55:40Z" finished-at="2019-03-13T14:55:40Z">
          <reporter-output>
          </reporter-output>
        </test-method> <!-- pload -->
      </class> <!-- test.day2 -->
      <class name="test.day1">
        <test-method status="PASS" signature="Demo()[pri:0, instance:test.day1@6d00a15d]" name="Demo" duration-ms="4" started-at="2019-03-13T14:55:40Z" finished-at="2019-03-13T14:55:40Z">
          <reporter-output>
          </reporter-output>
        </test-method> <!-- Demo -->
        <test-method status="PASS" signature="lastexecution()[pri:0, instance:test.day1@6d00a15d]" name="lastexecution" is-config="true" duration-ms="3" started-at="2019-03-13T14:55:40Z" finished-at="2019-03-13T14:55:40Z">
          <reporter-output>
          </reporter-output>
        </test-method> <!-- lastexecution -->
      </class> <!-- test.day1 -->
    </test> <!-- Personal Loan -->
    <test name="Car Loan" duration-ms="17" started-at="2019-03-13T14:55:40Z" finished-at="2019-03-13T14:55:40Z">
      <class name="test.day3">
        <test-method status="PASS" signature="Bfsuite()[pri:0, instance:test.day3@26be92ad]" name="Bfsuite" is-config="true" duration-ms="9" started-at="2019-03-13T14:55:40Z" finished-at="2019-03-13T14:55:40Z">
          <reporter-output>
          </reporter-output>
        </test-method> <!-- Bfsuite -->
        <test-method status="PASS" signature="beforeevery()[pri:0, instance:test.day3@26be92ad]" name="beforeevery" is-config="true" duration-ms="1" started-at="2019-03-13T14:55:40Z" finished-at="2019-03-13T14:55:40Z">
          <reporter-output>
          </reporter-output>
        </test-method> <!-- beforeevery -->
        <test-method status="PASS" signature="LoginAPIcarLoan()[pri:0, instance:test.day3@26be92ad]" name="LoginAPIcarLoan" duration-ms="1" started-at="2019-03-13T14:55:40Z" finished-at="2019-03-13T14:55:40Z">
          <reporter-output>
          </reporter-output>
        </test-method> <!-- LoginAPIcarLoan -->
        <test-method status="PASS" signature="MobileLogincarLoan()[pri:0, instance:test.day3@26be92ad]" name="MobileLogincarLoan" duration-ms="2" started-at="2019-03-13T14:55:40Z" finished-at="2019-03-13T14:55:40Z">
          <reporter-output>
          </reporter-output>
        </test-method> <!-- MobileLogincarLoan -->
        <test-method status="PASS" signature="beforeevery()[pri:0, instance:test.day3@26be92ad]" name="beforeevery" is-config="true" duration-ms="0" started-at="2019-03-13T14:55:40Z" finished-at="2019-03-13T14:55:40Z">
          <reporter-output>
          </reporter-output>
        </test-method> <!-- beforeevery -->
        <test-method status="PASS" signature="beforeevery()[pri:0, instance:test.day3@26be92ad]" name="beforeevery" is-config="true" duration-ms="1" started-at="2019-03-13T14:55:40Z" finished-at="2019-03-13T14:55:40Z">
          <reporter-output>
          </reporter-output>
        </test-method> <!-- beforeevery -->
        <test-method status="PASS" signature="MobilesignincarLoan()[pri:0, instance:test.day3@26be92ad]" name="MobilesignincarLoan" duration-ms="1" started-at="2019-03-13T14:55:40Z" finished-at="2019-03-13T14:55:40Z">
          <reporter-output>
          </reporter-output>
        </test-method> <!-- MobilesignincarLoan -->
        <test-method status="PASS" signature="beforeevery()[pri:0, instance:test.day3@26be92ad]" name="beforeevery" is-config="true" duration-ms="0" started-at="2019-03-13T14:55:40Z" finished-at="2019-03-13T14:55:40Z">
          <reporter-output>
          </reporter-output>
        </test-method> <!-- beforeevery -->
        <test-method status="PASS" signature="MobilesingoutcarLoan()[pri:0, instance:test.day3@26be92ad]" name="MobilesingoutcarLoan" duration-ms="1" started-at="2019-03-13T14:55:40Z" finished-at="2019-03-13T14:55:40Z">
          <reporter-output>
          </reporter-output>
        </test-method> <!-- MobilesingoutcarLoan -->
        <test-method status="PASS" signature="WebloginCarLoan()[pri:0, instance:test.day3@26be92ad]" name="WebloginCarLoan" duration-ms="1" started-at="2019-03-13T14:55:40Z" finished-at="2019-03-13T14:55:40Z">
          <reporter-output>
          </reporter-output>
        </test-method> <!-- WebloginCarLoan -->
        <test-method status="PASS" signature="beforeevery()[pri:0, instance:test.day3@26be92ad]" name="beforeevery" is-config="true" duration-ms="0" started-at="2019-03-13T14:55:40Z" finished-at="2019-03-13T14:55:40Z">
          <reporter-output>
          </reporter-output>
        </test-method> <!-- beforeevery -->
      </class> <!-- test.day3 -->
      <class name="test.day1">
        <test-method status="PASS" signature="afSuite()[pri:0, instance:test.day1@6d00a15d]" name="afSuite" is-config="true" duration-ms="0" started-at="2019-03-13T14:55:40Z" finished-at="2019-03-13T14:55:40Z">
          <reporter-output>
          </reporter-output>
        </test-method> <!-- afSuite -->
      </class> <!-- test.day1 -->
    </test> <!-- Car Loan -->
  </suite> <!-- Load Department -->
</testng-results>
