<?xml version="1.0" encoding="UTF-8"?>
<!-- Generated by org.testng.reporters.JUnitXMLReporter -->
<testsuite hostname="DESKTOP-J3AJHTH" ignored="0" name="Car Loan" tests="5" failures="0" timestamp="13 Mar 2019 14:55:40 GMT" time="0.017" errors="0">
  <testcase name="LoginAPIcarLoan" time="0.001" classname="test.day3"/>
  <testcase name="MobileLogincarLoan" time="0.002" classname="test.day3"/>
  <testcase name="MobilesignincarLoan" time="0.001" classname="test.day3"/>
  <testcase name="MobilesingoutcarLoan" time="0.001" classname="test.day3"/>
  <testcase name="WebloginCarLoan" time="0.001" classname="test.day3"/>
</testsuite> <!-- Car Loan -->
