<?xml version="1.0" encoding="UTF-8"?>
<!-- Generated by org.testng.reporters.JUnitXMLReporter -->
<testsuite hostname="DESKTOP-J3AJHTH" ignored="1" name="Car Loan" tests="6" failures="0" timestamp="14 Mar 2019 14:33:55 GMT" time="0.03" errors="0">
  <testcase name="MobileLogincarLoan" time="0.001" classname="test.day3"/>
  <testcase name="MobilesingoutcarLoan" time="0.002" classname="test.day3"/>
  <testcase name="MobilesingoutcarLoan" time="0.001" classname="test.day3"/>
  <testcase name="MobilesingoutcarLoan" time="0.001" classname="test.day3"/>
  <testcase name="WebloginCarLoan" time="0.001" classname="test.day3"/>
  <testcase name="LoginAPIcarLoan" time="0.002" classname="test.day3"/>
  <testcase name="MobilesignincarLoan" time="0.0" classname="test.day3">
    <ignored/>
  </testcase> <!-- MobilesignincarLoan -->
</testsuite> <!-- Car Loan -->
