<?xml version="1.0" encoding="UTF-8"?>
<!-- Generated by org.testng.reporters.JUnitXMLReporter -->
<testsuite hostname="DESKTOP-J3AJHTH" ignored="1" name="Personal Loan" tests="5" failures="0" timestamp="14 Mar 2019 14:33:55 GMT" time="0.063" errors="0">
  <testcase name="Demo" time="0.006" classname="test.day1"/>
  <testcase name="pload" time="0.001" classname="test.day2"/>
  <testcase name="LoginAPIHomeLoan" time="0.001" classname="test.day4"/>
  <testcase name="MobileLoginHomeLoan" time="0.002" classname="test.day4"/>
  <testcase name="WebloginHomeLoan" time="0.001" classname="test.day4"/>
  <testcase name="SecondTest2" time="0.0" classname="test.day1">
    <ignored/>
  </testcase> <!-- SecondTest2 -->
</testsuite> <!-- Personal Loan -->
