<?xml version="1.0" encoding="UTF-8"?>
<!-- Generated by org.testng.reporters.JUnitXMLReporter -->
<testsuite hostname="DESKTOP-J3AJHTH" ignored="8" name="Regression" tests="3" failures="0" timestamp="14 Mar 2019 05:58:36 GMT" time="0.05" errors="0">
  <testcase name="pload" time="0.013" classname="test.day2"/>
  <testcase name="MobileLogincarLoan" time="0.002" classname="test.day3"/>
  <testcase name="MobileLoginHomeLoan" time="0.001" classname="test.day4"/>
  <testcase name="LoginAPIcarLoan" time="0.0" classname="test.day3">
    <ignored/>
  </testcase> <!-- LoginAPIcarLoan -->
  <testcase name="WebloginHomeLoan" time="0.0" classname="test.day4">
    <ignored/>
  </testcase> <!-- WebloginHomeLoan -->
  <testcase name="WebloginCarLoan" time="0.0" classname="test.day3">
    <ignored/>
  </testcase> <!-- WebloginCarLoan -->
  <testcase name="SecondTest2" time="0.0" classname="test.day1">
    <ignored/>
  </testcase> <!-- SecondTest2 -->
  <testcase name="Demo" time="0.0" classname="test.day1">
    <ignored/>
  </testcase> <!-- Demo -->
  <testcase name="MobilesingoutcarLoan" time="0.0" classname="test.day3">
    <ignored/>
  </testcase> <!-- MobilesingoutcarLoan -->
  <testcase name="MobilesignincarLoan" time="0.0" classname="test.day3">
    <ignored/>
  </testcase> <!-- MobilesignincarLoan -->
  <testcase name="LoginAPIHomeLoan" time="0.0" classname="test.day4">
    <ignored/>
  </testcase> <!-- LoginAPIHomeLoan -->
</testsuite> <!-- Regression -->
