<?xml version="1.0" encoding="UTF-8"?>
<testng-results skipped="0" failed="0" ignored="0" total="1" passed="1">
  <reporter-output>
  </reporter-output>
  <suite name="Default suite" duration-ms="29894" started-at="2019-03-21T17:42:04Z" finished-at="2019-03-21T17:42:34Z">
    <groups>
    </groups>
    <test name="Default test" duration-ms="29894" started-at="2019-03-21T17:42:04Z" finished-at="2019-03-21T17:42:34Z">
      <class name="testcases.LoginApplication">
        <test-method status="PASS" signature="Login()[pri:0, instance:testcases.LoginApplication@56f4468b]" name="Login" duration-ms="29868" started-at="2019-03-21T17:42:04Z" finished-at="2019-03-21T17:42:34Z">
          <reporter-output>
          </reporter-output>
        </test-method> <!-- Login -->
      </class> <!-- testcases.LoginApplication -->
    </test> <!-- Default test -->
  </suite> <!-- Default suite -->
</testng-results>
