<?xml version="1.0" encoding="UTF-8"?>
<testng-results skipped="0" failed="0" ignored="1" total="2" passed="1">
  <reporter-output>
  </reporter-output>
  <suite name="Default suite" duration-ms="7017" started-at="2019-03-14T22:21:41Z" finished-at="2019-03-14T22:21:48Z">
    <groups>
    </groups>
    <test name="Default test" duration-ms="7017" started-at="2019-03-14T22:21:41Z" finished-at="2019-03-14T22:21:48Z">
      <class name="testngFiles.Annot2">
        <test-method status="PASS" signature="Login()[pri:0, instance:testngFiles.Annot2@1593948d]" name="Login" duration-ms="6992" started-at="2019-03-14T22:21:41Z" finished-at="2019-03-14T22:21:48Z">
          <reporter-output>
          </reporter-output>
        </test-method> <!-- Login -->
        <test-method status="PASS" signature="deinstallsoftware()[pri:0, instance:testngFiles.Annot2@1593948d]" name="deinstallsoftware" is-config="true" duration-ms="0" started-at="2019-03-14T22:21:48Z" finished-at="2019-03-14T22:21:48Z">
          <reporter-output>
          </reporter-output>
        </test-method> <!-- deinstallsoftware -->
      </class> <!-- testngFiles.Annot2 -->
    </test> <!-- Default test -->
  </suite> <!-- Default suite -->
</testng-results>
