<?xml version="1.0" encoding="UTF-8"?>
<!-- Generated by org.testng.reporters.JUnitXMLReporter -->
<testsuite hostname="DESKTOP-J3AJHTH" ignored="0" name="Test" tests="5" failures="0" timestamp="22 Mar 2019 15:04:52 GMT" time="86.866" errors="0">
  <testcase name="basePageNavigation" time="0.096" classname="selenium.ValidateTitle"/>
  <testcase name="basePageNavigation" time="0.079" classname="selenium.ValidateNavBar"/>
  <testcase name="basePageNavigation" time="25.036" classname="selenium.HomePage"/>
  <testcase name="basePageNavigation" time="9.319" classname="selenium.HomePage"/>
  <testcase name="initialize" time="18.367" classname="selenium.ClosePopUp"/>
</testsuite> <!-- Test -->
